{"level":"info","message":"Server running on port 5000","timestamp":"2025-03-11T11:21:02.987Z"}
{"level":"error","message":"Processing Error: [\"Error in `parameters.candidate_labels`: ensure this value has at most 10 items\"]","stack":"Error: [\"Error in `parameters.candidate_labels`: ensure this value has at most 10 items\"]\n    at request (C:\\Users\\goura\\OneDrive\\Desktop\\taskbuster\\server\\node_modules\\@huggingface\\inference\\dist\\index.cjs:564:15)\n    at process.processTicksAndRejections (node:internal/process/task_queues:95:5)\n    at async zeroShotClassification (C:\\Users\\goura\\OneDrive\\Desktop\\taskbuster\\server\\node_modules\\@huggingface\\inference\\dist\\index.cjs:1390:5)\n    at async C:\\Users\\goura\\OneDrive\\Desktop\\taskbuster\\server\\index.js:116:28","timestamp":"2025-03-11T11:22:41.521Z"}
{"level":"info","message":"Server running on port 5000","timestamp":"2025-03-11T11:31:39.454Z"}
{"level":"info","message":"Server running on port 5000","timestamp":"2025-03-11T11:32:06.206Z"}
{"level":"error","message":"Processing Error: Cannot read properties of undefined (reading 'map')","stack":"TypeError: Cannot read properties of undefined (reading 'map')\n    at C:\\Users\\goura\\OneDrive\\Desktop\\taskbuster\\server\\index.js:124:48\n    at process.processTicksAndRejections (node:internal/process/task_queues:95:5)","timestamp":"2025-03-11T11:32:30.608Z"}
{"level":"error","message":"Processing Error: Cannot read properties of undefined (reading 'map')","stack":"TypeError: Cannot read properties of undefined (reading 'map')\n    at C:\\Users\\goura\\OneDrive\\Desktop\\taskbuster\\server\\index.js:124:48\n    at process.processTicksAndRejections (node:internal/process/task_queues:95:5)","timestamp":"2025-03-11T11:33:15.600Z"}
{"level":"error","message":"Processing Error: Cannot read properties of undefined (reading 'map')","stack":"TypeError: Cannot read properties of undefined (reading 'map')\n    at C:\\Users\\goura\\OneDrive\\Desktop\\taskbuster\\server\\index.js:124:48\n    at process.processTicksAndRejections (node:internal/process/task_queues:95:5)","timestamp":"2025-03-11T11:34:18.301Z"}
{"level":"info","message":"Server running on port 5000","timestamp":"2025-03-11T11:35:00.866Z"}
{"level":"info","message":"Server running on port 5000","timestamp":"2025-03-11T11:35:30.982Z"}
{"0":{"labels":["email","extract","summarize","analyze","create chart"],"scores":[0.7092612981796265,0.16274972259998322,0.07411621510982513,0.0383446104824543,0.015528254210948944],"sequence":"Email this file"},"level":"error","message":"Invalid classification response:","timestamp":"2025-03-11T11:35:35.353Z"}
{"level":"error","message":"Processing Error: Failed to classify task intent","stack":"Error: Failed to classify task intent\n    at C:\\Users\\goura\\OneDrive\\Desktop\\taskbuster\\server\\index.js:126:13\n    at process.processTicksAndRejections (node:internal/process/task_queues:95:5)","timestamp":"2025-03-11T11:35:35.355Z"}
{"level":"info","message":"Server running on port 5000","timestamp":"2025-03-11T11:36:21.420Z"}
{"level":"info","message":"Server running on port 5000","timestamp":"2025-03-11T11:36:36.780Z"}
{"0":{"labels":["email","extract","summarize","analyze","create chart"],"scores":[0.7092612981796265,0.16274972259998322,0.07411621510982513,0.0383446104824543,0.015528254210948944],"sequence":"Email this file"},"level":"info","message":"Classification response:","timestamp":"2025-03-11T11:36:40.663Z"}
{"level":"warn","message":"Unknown intent detected","task":"Email this file","timestamp":"2025-03-11T11:36:40.665Z"}
{"level":"info","message":"Server running on port 5000","timestamp":"2025-03-11T11:39:36.531Z"}
{"level":"info","message":"Server running on port 5000","timestamp":"2025-03-11T11:40:55.287Z"}
{"level":"info","message":"Server running on port 5000","timestamp":"2025-03-11T11:41:02.250Z"}
{"0":{"labels":["email","extract","summarize","analyze","create chart"],"scores":[0.7092612981796265,0.16274972259998322,0.07411621510982513,0.0383446104824543,0.015528254210948944],"sequence":"Email this file"},"level":"info","message":"Classification response:","timestamp":"2025-03-11T11:41:05.581Z"}
{"intent":"email","level":"info","message":"Selected intent through classification:","score":0.7092612981796265,"timestamp":"2025-03-11T11:41:05.583Z"}
{"level":"info","message":"Detected intent:","timestamp":"2025-03-11T11:41:05.583Z"}
{"level":"info","message":"Cleaned up file: uploads\\ed79566aec548a714f7f259716615bb9","timestamp":"2025-03-11T11:41:05.587Z"}
{"intent":"email","level":"info","message":"Task completed successfully","task":"Email this file","timestamp":"2025-03-11T11:41:12.795Z"}
